<?xml version="1.0" encoding="UTF-8"?>
<testsuite xmlns:xsi="http://www.w3.org/2001/XMLSchema-instance" xsi:noNamespaceSchemaLocation="https://maven.apache.org/surefire/maven-surefire-plugin/xsd/surefire-test-report-3.0.xsd" version="3.0" name="com.library.repository.DataMappingTest" time="0.444" tests="3" errors="0" skipped="0" failures="0">
  <properties>
[...]
</properties>
  <testcase name="testReferenceMapping" classname="com.library.repository.DataMappingTest" time="0.214"/>
  <testcase name="testEmbeddedDocumentsMapping" classname="com.library.repository.DataMappingTest" time="0.046"/>
  <testcase name="testInheritanceMapping" classname="com.library.repository.DataMappingTest" time="0.143"/>
</testsuite>